0 info it worked if it ends with ok
1 verbose cli [ '/usr/local/Cellar/node/6.4.0/bin/node',
1 verbose cli   '/usr/local/bin/npm',
1 verbose cli   'run',
1 verbose cli   'start-dev' ]
2 info using npm@3.10.3
3 info using node@v6.4.0
4 verbose run-script [ 'prestart-dev', 'start-dev', 'poststart-dev' ]
5 info lifecycle febp-backend@1.0.0~prestart-dev: febp-backend@1.0.0
6 silly lifecycle febp-backend@1.0.0~prestart-dev: no script for prestart-dev, continuing
7 info lifecycle febp-backend@1.0.0~start-dev: febp-backend@1.0.0
8 verbose lifecycle febp-backend@1.0.0~start-dev: unsafe-perm in lifecycle true
9 verbose lifecycle febp-backend@1.0.0~start-dev: PATH: /usr/local/lib/node_modules/npm/bin/node-gyp-bin:/Users/jacksonk/Documents/febp-backend/febp-backend/node_modules/.bin:/usr/local/Cellar/node/6.4.0/bin:/usr/local/bin:/usr/bin:/bin:/usr/sbin:/sbin:/usr/local/Cellar/mysql/5.6.27/bin
10 verbose lifecycle febp-backend@1.0.0~start-dev: CWD: /Users/jacksonk/Documents/febp-backend/febp-backend
11 silly lifecycle febp-backend@1.0.0~start-dev: Args: [ '-c', 'NODE_ENV=development node server.js' ]
12 silly lifecycle febp-backend@1.0.0~start-dev: Returned: code: 1  signal: null
13 info lifecycle febp-backend@1.0.0~start-dev: Failed to exec start-dev script
14 verbose stack Error: febp-backend@1.0.0 start-dev: `NODE_ENV=development node server.js`
14 verbose stack Exit status 1
14 verbose stack     at EventEmitter.<anonymous> (/usr/local/lib/node_modules/npm/lib/utils/lifecycle.js:242:16)
14 verbose stack     at emitTwo (events.js:106:13)
14 verbose stack     at EventEmitter.emit (events.js:191:7)
14 verbose stack     at ChildProcess.<anonymous> (/usr/local/lib/node_modules/npm/lib/utils/spawn.js:40:14)
14 verbose stack     at emitTwo (events.js:106:13)
14 verbose stack     at ChildProcess.emit (events.js:191:7)
14 verbose stack     at maybeClose (internal/child_process.js:852:16)
14 verbose stack     at Process.ChildProcess._handle.onexit (internal/child_process.js:215:5)
15 verbose pkgid febp-backend@1.0.0
16 verbose cwd /Users/jacksonk/Documents/febp-backend/febp-backend
17 error Darwin 15.6.0
18 error argv "/usr/local/Cellar/node/6.4.0/bin/node" "/usr/local/bin/npm" "run" "start-dev"
19 error node v6.4.0
20 error npm  v3.10.3
21 error code ELIFECYCLE
22 error febp-backend@1.0.0 start-dev: `NODE_ENV=development node server.js`
22 error Exit status 1
23 error Failed at the febp-backend@1.0.0 start-dev script 'NODE_ENV=development node server.js'.
23 error Make sure you have the latest version of node.js and npm installed.
23 error If you do, this is most likely a problem with the febp-backend package,
23 error not with npm itself.
23 error Tell the author that this fails on your system:
23 error     NODE_ENV=development node server.js
23 error You can get information on how to open an issue for this project with:
23 error     npm bugs febp-backend
23 error Or if that isn't available, you can get their info via:
23 error     npm owner ls febp-backend
23 error There is likely additional logging output above.
24 verbose exit [ 1, true ]
